<?xml version="1.0" encoding="UTF-8"?>
<!-- Generated by org.testng.reporters.JUnitXMLReporter -->
<testsuite hostname="DESKTOP-C6H45SH" ignored="0" name="BankingApp Test" tests="2" failures="0" timestamp="05 Nov 2019 16:09:50 GMT" time="164.394" errors="0">
  <testcase name="addNewCustomer" time="55.378" classname="com.inetbanking.testCases.TC_AddCustomerTest_003"/>
  <testcase name="editCustomer" time="19.638" classname="com.inetbanking.testCases.TC_EditCustomer_004"/>
</testsuite> <!-- BankingApp Test -->
