<?xml version="1.0" encoding="UTF-8"?>
<!-- Generated by org.testng.reporters.JUnitXMLReporter -->
<testsuite hostname="DESKTOP-C6H45SH" ignored="0" name="BankingApp Test" tests="2" failures="0" timestamp="14 Nov 2019 06:40:56 GMT" time="109.447" errors="0">
  <testcase name="addNewCustomer" time="57.013" classname="com.inetbanking.testCases.TC_AddCustomerTest_003"/>
  <testcase name="editCustomer" time="23.256" classname="com.inetbanking.testCases.TC_EditCustomer_004"/>
</testsuite> <!-- BankingApp Test -->
