<?xml version="1.0" encoding="UTF-8"?>
<testng-results skipped="0" failed="0" ignored="0" total="1" passed="1">
  <reporter-output>
  </reporter-output>
  <suite name="InetBankingV1" duration-ms="74112" started-at="2019-11-05T11:29:22Z" finished-at="2019-11-05T11:30:36Z">
    <groups>
    </groups>
    <test name="BankingApp Test" duration-ms="74112" started-at="2019-11-05T11:29:22Z" finished-at="2019-11-05T11:30:36Z">
      <class name="com.inetbanking.testCases.TC_AddCustomerTest_003">
        <test-method status="PASS" signature="setup(java.lang.String)[pri:0, instance:com.inetbanking.testCases.TC_AddCustomerTest_003@754ba872]" name="setup" is-config="true" duration-ms="15619" started-at="2019-11-05T11:29:22Z" finished-at="2019-11-05T11:29:38Z">
          <params>
            <param index="0">
              <value>
                <![CDATA[firefox]]>
              </value>
            </param>
          </params>
          <reporter-output>
          </reporter-output>
        </test-method> <!-- setup -->
        <test-method status="PASS" signature="addNewCustomer()[pri:0, instance:com.inetbanking.testCases.TC_AddCustomerTest_003@754ba872]" name="addNewCustomer" duration-ms="52302" started-at="2019-11-05T11:29:38Z" finished-at="2019-11-05T11:30:30Z">
          <reporter-output>
          </reporter-output>
        </test-method> <!-- addNewCustomer -->
        <test-method status="PASS" signature="tearDown()[pri:0, instance:com.inetbanking.testCases.TC_AddCustomerTest_003@754ba872]" name="tearDown" is-config="true" duration-ms="5910" started-at="2019-11-05T11:30:30Z" finished-at="2019-11-05T11:30:36Z">
          <reporter-output>
          </reporter-output>
        </test-method> <!-- tearDown -->
      </class> <!-- com.inetbanking.testCases.TC_AddCustomerTest_003 -->
    </test> <!-- BankingApp Test -->
  </suite> <!-- InetBankingV1 -->
</testng-results>
